2025-01-23 20:22:44,378 [Worker-4: Loading available Gradle versions] INFO  o.e.b.c.i.u.g.PublishedGradleVersions - Gradle version information cache is not available. Remote download required.
2025-01-23 20:26:36,111 [Worker-0: Update Maven projects configuration] INFO  o.e.m.c.i.p.ProjectConfigurationManager - Update started
2025-01-23 20:26:44,488 [Worker-0: Update Maven projects configuration] INFO  o.e.m.c.i.l.LifecycleMappingFactory - Using org.eclipse.m2e.jdt.JarLifecycleMapping lifecycle mapping for MavenProject: com.busreservation:bus-service:0.0.1-SNAPSHOT @ C:\Users\2380147\Downloads\Project\bus_service-main\pom.xml.
2025-01-23 20:26:52,281 [Worker-0: Update Maven projects configuration] INFO  o.e.m.j.i.AbstractJavaProjectConfigurator - Adding source folder /bus_service-main/src/main/java
2025-01-23 20:26:52,285 [Worker-0: Update Maven projects configuration] INFO  o.e.m.j.i.AbstractJavaProjectConfigurator - Adding resource folder /bus_service-main/src/main/resources
2025-01-23 20:26:52,405 [Worker-0: Update Maven projects configuration] INFO  o.e.m.j.i.AbstractJavaProjectConfigurator - Adding resource folder /bus_service-main/src/main/resources
2025-01-23 20:26:52,494 [Worker-0: Update Maven projects configuration] INFO  o.e.m.j.i.AbstractJavaProjectConfigurator - Adding source folder /bus_service-main/src/test/java
2025-01-23 20:26:52,497 [Worker-0: Update Maven projects configuration] INFO  o.e.m.j.i.AbstractJavaProjectConfigurator - Adding resource folder /bus_service-main/src/test/resources
2025-01-23 20:26:55,542 [Worker-0: Update Maven projects configuration] INFO  o.e.m.c.i.p.ProjectConfigurationManager - Update completed for 1 poms: local refresh takes 0.00 sec, refresh facades takes 14.00 sec, update config takes 4.00 sec 
2025-01-23 20:26:55,551 [Worker-0: Update Maven projects configuration] INFO  o.e.m.c.i.p.ProjectConfigurationManager - Update started
2025-01-23 20:27:01,828 [Worker-0: Update Maven projects configuration] INFO  o.e.m.c.i.l.LifecycleMappingFactory - Using org.eclipse.m2e.jdt.JarLifecycleMapping lifecycle mapping for MavenProject: com.busreservation:bus-service:0.0.1-SNAPSHOT @ C:\Users\2380147\Downloads\Project\bus_service-main\pom.xml.
2025-01-23 20:27:08,199 [Worker-0: Update Maven projects configuration] INFO  o.e.m.c.i.l.LifecycleMappingFactory - Using org.eclipse.m2e.jdt.JarLifecycleMapping lifecycle mapping for MavenProject: com.busreservation:bus-booking:0.0.1-SNAPSHOT @ C:\Users\2380147\Downloads\Project\busreservation-main\pom.xml.
2025-01-23 20:27:11,933 [Worker-0: Update Maven projects configuration] INFO  o.e.m.c.i.e.AbstractTransferListenerAdapter - Downloading https://repo.maven.apache.org/maven2/org/springframework/cloud/spring-cloud-starter-openfeign/4.2.0/spring-cloud-starter-openfeign-4.2.0.pom
2025-01-23 20:27:11,965 [Worker-0: Update Maven projects configuration] INFO  o.e.m.c.i.e.AbstractTransferListenerAdapter - Downloaded https://repo.maven.apache.org/maven2/org/springframework/cloud/spring-cloud-starter-openfeign/4.2.0/spring-cloud-starter-openfeign-4.2.0.pom
2025-01-23 20:27:12,009 [Worker-0: Update Maven projects configuration] INFO  o.e.m.c.i.e.AbstractTransferListenerAdapter - Downloading https://repo.maven.apache.org/maven2/org/springframework/cloud/spring-cloud-openfeign/4.2.0/spring-cloud-openfeign-4.2.0.pom
2025-01-23 20:27:12,030 [Worker-0: Update Maven projects configuration] INFO  o.e.m.c.i.e.AbstractTransferListenerAdapter - Downloaded https://repo.maven.apache.org/maven2/org/springframework/cloud/spring-cloud-openfeign/4.2.0/spring-cloud-openfeign-4.2.0.pom
2025-01-23 20:27:12,079 [Worker-0: Update Maven projects configuration] INFO  o.e.m.c.i.e.AbstractTransferListenerAdapter - Downloading https://repo.maven.apache.org/maven2/org/springframework/cloud/spring-cloud-openfeign-core/4.2.0/spring-cloud-openfeign-core-4.2.0.pom
2025-01-23 20:27:12,100 [Worker-0: Update Maven projects configuration] INFO  o.e.m.c.i.e.AbstractTransferListenerAdapter - Downloaded https://repo.maven.apache.org/maven2/org/springframework/cloud/spring-cloud-openfeign-core/4.2.0/spring-cloud-openfeign-core-4.2.0.pom
2025-01-23 20:27:12,153 [Worker-0: Update Maven projects configuration] INFO  o.e.m.c.i.e.AbstractTransferListenerAdapter - Downloading https://repo.maven.apache.org/maven2/io/github/openfeign/feign-form-spring/13.5/feign-form-spring-13.5.pom
2025-01-23 20:27:12,178 [Worker-0: Update Maven projects configuration] INFO  o.e.m.c.i.e.AbstractTransferListenerAdapter - Downloaded https://repo.maven.apache.org/maven2/io/github/openfeign/feign-form-spring/13.5/feign-form-spring-13.5.pom
2025-01-23 20:27:12,245 [Worker-0: Update Maven projects configuration] INFO  o.e.m.c.i.e.AbstractTransferListenerAdapter - Downloading https://repo.maven.apache.org/maven2/io/github/openfeign/parent/13.5/parent-13.5.pom
2025-01-23 20:27:12,275 [Worker-0: Update Maven projects configuration] INFO  o.e.m.c.i.e.AbstractTransferListenerAdapter - Downloaded https://repo.maven.apache.org/maven2/io/github/openfeign/parent/13.5/parent-13.5.pom
2025-01-23 20:27:12,317 [Worker-0: Update Maven projects configuration] INFO  o.e.m.c.i.e.AbstractTransferListenerAdapter - Downloading https://repo.maven.apache.org/maven2/org/junit/junit-bom/5.11.2/junit-bom-5.11.2.pom
2025-01-23 20:27:12,338 [Worker-0: Update Maven projects configuration] INFO  o.e.m.c.i.e.AbstractTransferListenerAdapter - Downloaded https://repo.maven.apache.org/maven2/org/junit/junit-bom/5.11.2/junit-bom-5.11.2.pom
2025-01-23 20:27:12,385 [Worker-0: Update Maven projects configuration] INFO  o.e.m.c.i.e.AbstractTransferListenerAdapter - Downloading https://repo.maven.apache.org/maven2/io/github/openfeign/feign-form/13.5/feign-form-13.5.pom
2025-01-23 20:27:12,402 [Worker-0: Update Maven projects configuration] INFO  o.e.m.c.i.e.AbstractTransferListenerAdapter - Downloaded https://repo.maven.apache.org/maven2/io/github/openfeign/feign-form/13.5/feign-form-13.5.pom
2025-01-23 20:27:12,457 [Worker-0: Update Maven projects configuration] INFO  o.e.m.c.i.e.AbstractTransferListenerAdapter - Downloading https://repo.maven.apache.org/maven2/io/github/openfeign/feign-core/13.5/feign-core-13.5.pom
2025-01-23 20:27:12,475 [Worker-0: Update Maven projects configuration] INFO  o.e.m.c.i.e.AbstractTransferListenerAdapter - Downloaded https://repo.maven.apache.org/maven2/io/github/openfeign/feign-core/13.5/feign-core-13.5.pom
2025-01-23 20:27:12,516 [Worker-0: Update Maven projects configuration] INFO  o.e.m.c.i.e.AbstractTransferListenerAdapter - Downloading https://repo.maven.apache.org/maven2/commons-fileupload/commons-fileupload/1.5/commons-fileupload-1.5.pom
2025-01-23 20:27:12,536 [Worker-0: Update Maven projects configuration] INFO  o.e.m.c.i.e.AbstractTransferListenerAdapter - Downloaded https://repo.maven.apache.org/maven2/commons-fileupload/commons-fileupload/1.5/commons-fileupload-1.5.pom
2025-01-23 20:27:12,728 [Worker-0: Update Maven projects configuration] INFO  o.e.m.c.i.e.AbstractTransferListenerAdapter - Downloading https://repo.maven.apache.org/maven2/io/github/openfeign/feign-slf4j/13.5/feign-slf4j-13.5.pom
2025-01-23 20:27:12,756 [Worker-0: Update Maven projects configuration] INFO  o.e.m.c.i.e.AbstractTransferListenerAdapter - Downloaded https://repo.maven.apache.org/maven2/io/github/openfeign/feign-slf4j/13.5/feign-slf4j-13.5.pom
2025-01-23 20:27:13,893 [Worker-0: Update Maven projects configuration] INFO  o.e.m.c.i.e.AbstractTransferListenerAdapter - Downloading https://repo.maven.apache.org/maven2/org/springframework/cloud/spring-cloud-starter-openfeign/4.2.0/spring-cloud-starter-openfeign-4.2.0.jar
2025-01-23 20:27:13,924 [Worker-0: Update Maven projects configuration] INFO  o.e.m.c.i.e.AbstractTransferListenerAdapter - Downloaded https://repo.maven.apache.org/maven2/org/springframework/cloud/spring-cloud-starter-openfeign/4.2.0/spring-cloud-starter-openfeign-4.2.0.jar
2025-01-23 20:27:13,946 [BasicRepositoryConnector-repo.maven.apache.org-0-1] INFO  o.e.m.c.i.e.AbstractTransferListenerAdapter - Downloading https://repo.maven.apache.org/maven2/io/github/openfeign/feign-form-spring/13.5/feign-form-spring-13.5.jar
2025-01-23 20:27:13,972 [BasicRepositoryConnector-repo.maven.apache.org-0-0] INFO  o.e.m.c.i.e.AbstractTransferListenerAdapter - Downloading https://repo.maven.apache.org/maven2/org/springframework/cloud/spring-cloud-openfeign-core/4.2.0/spring-cloud-openfeign-core-4.2.0.jar
2025-01-23 20:27:13,977 [BasicRepositoryConnector-repo.maven.apache.org-0-1] INFO  o.e.m.c.i.e.AbstractTransferListenerAdapter - Downloaded https://repo.maven.apache.org/maven2/io/github/openfeign/feign-form-spring/13.5/feign-form-spring-13.5.jar
2025-01-23 20:27:13,978 [BasicRepositoryConnector-repo.maven.apache.org-0-3] INFO  o.e.m.c.i.e.AbstractTransferListenerAdapter - Downloading https://repo.maven.apache.org/maven2/commons-fileupload/commons-fileupload/1.5/commons-fileupload-1.5.jar
2025-01-23 20:27:13,989 [BasicRepositoryConnector-repo.maven.apache.org-0-4] INFO  o.e.m.c.i.e.AbstractTransferListenerAdapter - Downloading https://repo.maven.apache.org/maven2/io/github/openfeign/feign-core/13.5/feign-core-13.5.jar
2025-01-23 20:27:14,002 [BasicRepositoryConnector-repo.maven.apache.org-0-2] INFO  o.e.m.c.i.e.AbstractTransferListenerAdapter - Downloading https://repo.maven.apache.org/maven2/io/github/openfeign/feign-form/13.5/feign-form-13.5.jar
2025-01-23 20:27:14,035 [BasicRepositoryConnector-repo.maven.apache.org-0-1] INFO  o.e.m.c.i.e.AbstractTransferListenerAdapter - Downloading https://repo.maven.apache.org/maven2/io/github/openfeign/feign-slf4j/13.5/feign-slf4j-13.5.jar
2025-01-23 20:27:14,046 [BasicRepositoryConnector-repo.maven.apache.org-0-2] INFO  o.e.m.c.i.e.AbstractTransferListenerAdapter - Downloaded https://repo.maven.apache.org/maven2/io/github/openfeign/feign-form/13.5/feign-form-13.5.jar
2025-01-23 20:27:14,061 [BasicRepositoryConnector-repo.maven.apache.org-0-1] INFO  o.e.m.c.i.e.AbstractTransferListenerAdapter - Downloaded https://repo.maven.apache.org/maven2/io/github/openfeign/feign-slf4j/13.5/feign-slf4j-13.5.jar
2025-01-23 20:27:14,069 [BasicRepositoryConnector-repo.maven.apache.org-0-3] INFO  o.e.m.c.i.e.AbstractTransferListenerAdapter - Downloaded https://repo.maven.apache.org/maven2/commons-fileupload/commons-fileupload/1.5/commons-fileupload-1.5.jar
2025-01-23 20:27:14,138 [BasicRepositoryConnector-repo.maven.apache.org-0-0] INFO  o.e.m.c.i.e.AbstractTransferListenerAdapter - Downloaded https://repo.maven.apache.org/maven2/org/springframework/cloud/spring-cloud-openfeign-core/4.2.0/spring-cloud-openfeign-core-4.2.0.jar
2025-01-23 20:27:14,144 [BasicRepositoryConnector-repo.maven.apache.org-0-4] INFO  o.e.m.c.i.e.AbstractTransferListenerAdapter - Downloaded https://repo.maven.apache.org/maven2/io/github/openfeign/feign-core/13.5/feign-core-13.5.jar
2025-01-23 20:27:16,648 [Worker-0: Update Maven projects configuration] INFO  o.e.m.j.i.AbstractJavaProjectConfigurator - Adding source folder /bus_service-main/src/main/java
2025-01-23 20:27:16,649 [Worker-0: Update Maven projects configuration] INFO  o.e.m.j.i.AbstractJavaProjectConfigurator - Adding resource folder /bus_service-main/src/main/resources
2025-01-23 20:27:16,650 [Worker-0: Update Maven projects configuration] INFO  o.e.m.j.i.AbstractJavaProjectConfigurator - Adding resource folder /bus_service-main/src/main/resources
2025-01-23 20:27:16,651 [Worker-0: Update Maven projects configuration] INFO  o.e.m.j.i.AbstractJavaProjectConfigurator - Adding source folder /bus_service-main/src/test/java
2025-01-23 20:27:16,653 [Worker-0: Update Maven projects configuration] INFO  o.e.m.j.i.AbstractJavaProjectConfigurator - Adding resource folder /bus_service-main/src/test/resources
2025-01-23 20:27:17,126 [Worker-2: Download sources and javadoc] INFO  o.e.m.c.i.e.AbstractTransferListenerAdapter - Downloaded https://repo.maven.apache.org/maven2/org/springframework/cloud/spring-cloud-starter-openfeign/4.2.0/spring-cloud-starter-openfeign-4.2.0-sources.jar
2025-01-23 20:27:17,135 [Worker-2: Download sources and javadoc] ERROR o.e.m.j.internal.DownloadSourcesJob - Could not download sources for org.springframework.cloud:spring-cloud-starter-openfeign:4.2.0
org.eclipse.core.runtime.CoreException: Could not resolve artifact org.springframework.cloud:spring-cloud-starter-openfeign:jar:sources:4.2.0
	at org.eclipse.m2e.core.internal.embedder.MavenImpl.lambda$7(MavenImpl.java:540)
	at org.eclipse.m2e.core.internal.embedder.MavenExecutionContext.executeBare(MavenExecutionContext.java:458)
	at org.eclipse.m2e.core.internal.embedder.MavenExecutionContext.execute(MavenExecutionContext.java:292)
	at org.eclipse.m2e.core.internal.embedder.MavenExecutionContext.execute(MavenExecutionContext.java:278)
	at org.eclipse.m2e.core.internal.embedder.MavenImpl.resolve(MavenImpl.java:509)
	at org.eclipse.m2e.core.internal.embedder.MavenImpl.resolve(MavenImpl.java:494)
	at org.eclipse.m2e.jdt.internal.DownloadSourcesJob.download(DownloadSourcesJob.java:308)
	at org.eclipse.m2e.jdt.internal.DownloadSourcesJob.downloadAttachments(DownloadSourcesJob.java:282)
	at org.eclipse.m2e.jdt.internal.DownloadSourcesJob.downloadMaven(DownloadSourcesJob.java:252)
	at org.eclipse.m2e.jdt.internal.DownloadSourcesJob.downloadFilesAndPopulateToUpdate(DownloadSourcesJob.java:220)
	at org.eclipse.m2e.jdt.internal.DownloadSourcesJob.lambda$0(DownloadSourcesJob.java:149)
	at org.eclipse.m2e.core.internal.embedder.MavenExecutionContext.executeBare(MavenExecutionContext.java:458)
	at org.eclipse.m2e.core.internal.embedder.MavenExecutionContext.execute(MavenExecutionContext.java:339)
	at org.eclipse.m2e.core.internal.embedder.MavenExecutionContext.execute(MavenExecutionContext.java:278)
	at org.eclipse.m2e.core.embedder.IMaven.execute(IMaven.java:300)
	at org.eclipse.m2e.jdt.internal.DownloadSourcesJob.run(DownloadSourcesJob.java:149)
	at org.eclipse.core.internal.jobs.Worker.run(Worker.java:63)
2025-01-23 20:27:17,218 [Worker-2: Download sources and javadoc] INFO  o.e.m.c.i.e.AbstractTransferListenerAdapter - Downloading https://repo.maven.apache.org/maven2/org/springframework/cloud/spring-cloud-openfeign-core/4.2.0/spring-cloud-openfeign-core-4.2.0-sources.jar
2025-01-23 20:27:17,386 [Worker-2: Download sources and javadoc] INFO  o.e.m.c.i.e.AbstractTransferListenerAdapter - Downloaded https://repo.maven.apache.org/maven2/org/springframework/cloud/spring-cloud-openfeign-core/4.2.0/spring-cloud-openfeign-core-4.2.0-sources.jar
2025-01-23 20:27:17,395 [Worker-2: Download sources and javadoc] INFO  o.e.m.j.internal.DownloadSourcesJob - Downloaded sources for org.springframework.cloud:spring-cloud-openfeign-core:4.2.0
2025-01-23 20:27:17,447 [Worker-18: Building] INFO  o.a.m.s.f.DefaultMavenResourcesFiltering - Copying 1 resource from src\main\resources to target\classes
2025-01-23 20:27:17,454 [Worker-2: Download sources and javadoc] INFO  o.e.m.c.i.e.AbstractTransferListenerAdapter - Downloading https://repo.maven.apache.org/maven2/io/github/openfeign/feign-form-spring/13.5/feign-form-spring-13.5-sources.jar
2025-01-23 20:27:17,475 [Worker-18: Building] INFO  o.a.m.s.f.DefaultMavenResourcesFiltering - Copying 0 resource from src\main\resources to target\classes
2025-01-23 20:27:17,484 [Worker-18: Building] INFO  o.a.m.s.f.DefaultMavenResourcesFiltering - skip non existing resourceDirectory C:\Users\2380147\Downloads\Project\bus_service-main\src\test\resources
2025-01-23 20:27:17,486 [Worker-2: Download sources and javadoc] INFO  o.e.m.c.i.e.AbstractTransferListenerAdapter - Downloaded https://repo.maven.apache.org/maven2/io/github/openfeign/feign-form-spring/13.5/feign-form-spring-13.5-sources.jar
2025-01-23 20:27:17,491 [Worker-2: Download sources and javadoc] INFO  o.e.m.j.internal.DownloadSourcesJob - Downloaded sources for io.github.openfeign:feign-form-spring:13.5
2025-01-23 20:27:17,541 [Worker-2: Download sources and javadoc] INFO  o.e.m.c.i.e.AbstractTransferListenerAdapter - Downloading https://repo.maven.apache.org/maven2/io/github/openfeign/feign-form/13.5/feign-form-13.5-sources.jar
2025-01-23 20:27:17,596 [Worker-2: Download sources and javadoc] INFO  o.e.m.c.i.e.AbstractTransferListenerAdapter - Downloaded https://repo.maven.apache.org/maven2/io/github/openfeign/feign-form/13.5/feign-form-13.5-sources.jar
2025-01-23 20:27:17,601 [Worker-2: Download sources and javadoc] INFO  o.e.m.j.internal.DownloadSourcesJob - Downloaded sources for io.github.openfeign:feign-form:13.5
2025-01-23 20:27:17,679 [Worker-2: Download sources and javadoc] INFO  o.e.m.c.i.e.AbstractTransferListenerAdapter - Downloading https://repo.maven.apache.org/maven2/commons-fileupload/commons-fileupload/1.5/commons-fileupload-1.5-sources.jar
2025-01-23 20:27:17,822 [Worker-2: Download sources and javadoc] INFO  o.e.m.c.i.e.AbstractTransferListenerAdapter - Downloaded https://repo.maven.apache.org/maven2/commons-fileupload/commons-fileupload/1.5/commons-fileupload-1.5-sources.jar
2025-01-23 20:27:17,833 [Worker-2: Download sources and javadoc] INFO  o.e.m.j.internal.DownloadSourcesJob - Downloaded sources for commons-fileupload:commons-fileupload:1.5
2025-01-23 20:27:17,891 [Worker-2: Download sources and javadoc] INFO  o.e.m.c.i.e.AbstractTransferListenerAdapter - Downloading https://repo.maven.apache.org/maven2/commons-io/commons-io/2.11.0/commons-io-2.11.0-sources.jar
2025-01-23 20:27:18,279 [Worker-2: Download sources and javadoc] INFO  o.e.m.c.i.e.AbstractTransferListenerAdapter - Downloaded https://repo.maven.apache.org/maven2/commons-io/commons-io/2.11.0/commons-io-2.11.0-sources.jar
2025-01-23 20:27:18,284 [Worker-2: Download sources and javadoc] INFO  o.e.m.j.internal.DownloadSourcesJob - Downloaded sources for commons-io:commons-io:2.11.0
2025-01-23 20:27:18,333 [Worker-2: Download sources and javadoc] INFO  o.e.m.c.i.e.AbstractTransferListenerAdapter - Downloading https://repo.maven.apache.org/maven2/io/github/openfeign/feign-core/13.5/feign-core-13.5-sources.jar
2025-01-23 20:27:18,451 [Worker-2: Download sources and javadoc] INFO  o.e.m.c.i.e.AbstractTransferListenerAdapter - Downloaded https://repo.maven.apache.org/maven2/io/github/openfeign/feign-core/13.5/feign-core-13.5-sources.jar
2025-01-23 20:27:18,457 [Worker-2: Download sources and javadoc] INFO  o.e.m.j.internal.DownloadSourcesJob - Downloaded sources for io.github.openfeign:feign-core:13.5
2025-01-23 20:27:18,505 [Worker-2: Download sources and javadoc] INFO  o.e.m.c.i.e.AbstractTransferListenerAdapter - Downloading https://repo.maven.apache.org/maven2/io/github/openfeign/feign-slf4j/13.5/feign-slf4j-13.5-sources.jar
2025-01-23 20:27:18,531 [Worker-2: Download sources and javadoc] INFO  o.e.m.c.i.e.AbstractTransferListenerAdapter - Downloaded https://repo.maven.apache.org/maven2/io/github/openfeign/feign-slf4j/13.5/feign-slf4j-13.5-sources.jar
2025-01-23 20:27:18,538 [Worker-2: Download sources and javadoc] INFO  o.e.m.j.internal.DownloadSourcesJob - Downloaded sources for io.github.openfeign:feign-slf4j:13.5
2025-01-23 20:27:20,054 [Worker-0: Update Maven projects configuration] INFO  o.e.m.j.i.AbstractJavaProjectConfigurator - Adding source folder /busreservation-main/src/main/java
2025-01-23 20:27:20,057 [Worker-0: Update Maven projects configuration] INFO  o.e.m.j.i.AbstractJavaProjectConfigurator - Adding resource folder /busreservation-main/src/main/resources
2025-01-23 20:27:20,147 [Worker-0: Update Maven projects configuration] INFO  o.e.m.j.i.AbstractJavaProjectConfigurator - Adding resource folder /busreservation-main/src/main/resources
2025-01-23 20:27:20,184 [Worker-0: Update Maven projects configuration] INFO  o.e.m.j.i.AbstractJavaProjectConfigurator - Adding source folder /busreservation-main/src/test/java
2025-01-23 20:27:20,185 [Worker-0: Update Maven projects configuration] INFO  o.e.m.j.i.AbstractJavaProjectConfigurator - Adding resource folder /busreservation-main/src/test/resources
2025-01-23 20:27:21,886 [Worker-15: Building] INFO  o.a.m.s.f.DefaultMavenResourcesFiltering - Copying 1 resource from src\main\resources to target\classes
2025-01-23 20:27:21,892 [Worker-15: Building] INFO  o.a.m.s.f.DefaultMavenResourcesFiltering - Copying 0 resource from src\main\resources to target\classes
2025-01-23 20:27:21,898 [Worker-15: Building] INFO  o.a.m.s.f.DefaultMavenResourcesFiltering - skip non existing resourceDirectory C:\Users\2380147\Downloads\Project\bus_service-main\src\test\resources
2025-01-23 20:27:23,031 [Worker-15: Building] INFO  o.a.m.s.f.DefaultMavenResourcesFiltering - Copying 1 resource from src\main\resources to target\classes
2025-01-23 20:27:23,066 [Worker-15: Building] INFO  o.a.m.s.f.DefaultMavenResourcesFiltering - Copying 0 resource from src\main\resources to target\classes
2025-01-23 20:27:23,076 [Worker-15: Building] INFO  o.a.m.s.f.DefaultMavenResourcesFiltering - skip non existing resourceDirectory C:\Users\2380147\Downloads\Project\busreservation-main\src\test\resources
2025-01-23 20:27:23,964 [Worker-0: Update Maven projects configuration] INFO  o.e.m.c.i.p.ProjectConfigurationManager - Update completed for 2 poms: local refresh takes 0.00 sec, refresh facades takes 20.00 sec, update config takes 8.00 sec 
2025-01-23 20:27:24,729 [Worker-14: Download sources and javadoc] INFO  o.e.m.c.i.e.AbstractTransferListenerAdapter - Downloaded https://repo.maven.apache.org/maven2/org/springframework/cloud/spring-cloud-starter-openfeign/4.2.0/spring-cloud-starter-openfeign-4.2.0-javadoc.jar
2025-01-23 20:27:24,740 [Worker-14: Download sources and javadoc] ERROR o.e.m.j.internal.DownloadSourcesJob - Could not download javadoc for org.springframework.cloud:spring-cloud-starter-openfeign:4.2.0
org.eclipse.core.runtime.CoreException: Could not resolve artifact org.springframework.cloud:spring-cloud-starter-openfeign:jar:javadoc:4.2.0
	at org.eclipse.m2e.core.internal.embedder.MavenImpl.lambda$7(MavenImpl.java:540)
	at org.eclipse.m2e.core.internal.embedder.MavenExecutionContext.executeBare(MavenExecutionContext.java:458)
	at org.eclipse.m2e.core.internal.embedder.MavenExecutionContext.execute(MavenExecutionContext.java:292)
	at org.eclipse.m2e.core.internal.embedder.MavenExecutionContext.execute(MavenExecutionContext.java:278)
	at org.eclipse.m2e.core.internal.embedder.MavenImpl.resolve(MavenImpl.java:509)
	at org.eclipse.m2e.core.internal.embedder.MavenImpl.resolve(MavenImpl.java:494)
	at org.eclipse.m2e.jdt.internal.DownloadSourcesJob.download(DownloadSourcesJob.java:308)
	at org.eclipse.m2e.jdt.internal.DownloadSourcesJob.downloadAttachments(DownloadSourcesJob.java:294)
	at org.eclipse.m2e.jdt.internal.DownloadSourcesJob.downloadMaven(DownloadSourcesJob.java:252)
	at org.eclipse.m2e.jdt.internal.DownloadSourcesJob.downloadFilesAndPopulateToUpdate(DownloadSourcesJob.java:220)
	at org.eclipse.m2e.jdt.internal.DownloadSourcesJob.lambda$0(DownloadSourcesJob.java:149)
	at org.eclipse.m2e.core.internal.embedder.MavenExecutionContext.executeBare(MavenExecutionContext.java:458)
	at org.eclipse.m2e.core.internal.embedder.MavenExecutionContext.execute(MavenExecutionContext.java:339)
	at org.eclipse.m2e.core.internal.embedder.MavenExecutionContext.execute(MavenExecutionContext.java:278)
	at org.eclipse.m2e.core.embedder.IMaven.execute(IMaven.java:300)
	at org.eclipse.m2e.jdt.internal.DownloadSourcesJob.run(DownloadSourcesJob.java:149)
	at org.eclipse.core.internal.jobs.Worker.run(Worker.java:63)
2025-01-23 20:27:25,807 [Worker-0: Building] INFO  o.a.m.s.f.DefaultMavenResourcesFiltering - Copying 1 resource from src\main\resources to target\classes
2025-01-23 20:27:25,814 [Worker-0: Building] INFO  o.a.m.s.f.DefaultMavenResourcesFiltering - Copying 0 resource from src\main\resources to target\classes
2025-01-23 20:27:25,823 [Worker-0: Building] INFO  o.a.m.s.f.DefaultMavenResourcesFiltering - skip non existing resourceDirectory C:\Users\2380147\Downloads\Project\busreservation-main\src\test\resources
2025-01-23 20:41:04,968 [Worker-32: Building] INFO  o.a.m.s.f.DefaultMavenResourcesFiltering - Copying 1 resource from src\main\resources to target\classes
2025-01-23 20:41:05,010 [Worker-32: Building] INFO  o.a.m.s.f.DefaultMavenResourcesFiltering - Copying 0 resource from src\main\resources to target\classes
2025-01-23 20:41:05,023 [Worker-32: Building] INFO  o.a.m.s.f.DefaultMavenResourcesFiltering - skip non existing resourceDirectory C:\Users\2380147\Downloads\Project\busreservation-main\src\test\resources
2025-01-23 20:42:46,760 [Worker-35: Building] INFO  o.a.m.s.f.DefaultMavenResourcesFiltering - Copying 1 resource from src\main\resources to target\classes
2025-01-23 20:42:46,777 [Worker-35: Building] INFO  o.a.m.s.f.DefaultMavenResourcesFiltering - Copying 0 resource from src\main\resources to target\classes
2025-01-23 20:42:46,781 [Worker-35: Building] INFO  o.a.m.s.f.DefaultMavenResourcesFiltering - skip non existing resourceDirectory C:\Users\2380147\Downloads\Project\busreservation-main\src\test\resources
2025-01-23 20:46:05,739 [Worker-31: Building] INFO  o.a.m.s.f.DefaultMavenResourcesFiltering - Copying 1 resource from src\main\resources to target\classes
2025-01-23 20:46:05,751 [Worker-31: Building] INFO  o.a.m.s.f.DefaultMavenResourcesFiltering - Copying 0 resource from src\main\resources to target\classes
2025-01-23 20:46:05,754 [Worker-31: Building] INFO  o.a.m.s.f.DefaultMavenResourcesFiltering - skip non existing resourceDirectory C:\Users\2380147\Downloads\Project\busreservation-main\src\test\resources
2025-01-23 20:46:15,606 [Worker-31: Building] INFO  o.a.m.s.f.DefaultMavenResourcesFiltering - Copying 1 resource from src\main\resources to target\classes
2025-01-23 20:46:15,611 [Worker-31: Building] INFO  o.a.m.s.f.DefaultMavenResourcesFiltering - Copying 0 resource from src\main\resources to target\classes
2025-01-23 20:46:15,615 [Worker-31: Building] INFO  o.a.m.s.f.DefaultMavenResourcesFiltering - skip non existing resourceDirectory C:\Users\2380147\Downloads\Project\busreservation-main\src\test\resources
2025-01-23 20:47:11,308 [Worker-35: Building] INFO  o.a.m.s.f.DefaultMavenResourcesFiltering - Copying 1 resource from src\main\resources to target\classes
2025-01-23 20:47:11,322 [Worker-35: Building] INFO  o.a.m.s.f.DefaultMavenResourcesFiltering - Copying 0 resource from src\main\resources to target\classes
2025-01-23 20:47:11,325 [Worker-35: Building] INFO  o.a.m.s.f.DefaultMavenResourcesFiltering - skip non existing resourceDirectory C:\Users\2380147\Downloads\Project\busreservation-main\src\test\resources
2025-01-23 20:47:36,747 [Worker-36: Building] INFO  o.a.m.s.f.DefaultMavenResourcesFiltering - Copying 1 resource from src\main\resources to target\classes
2025-01-23 20:47:36,782 [Worker-36: Building] INFO  o.a.m.s.f.DefaultMavenResourcesFiltering - Copying 0 resource from src\main\resources to target\classes
2025-01-23 20:47:36,787 [Worker-36: Building] INFO  o.a.m.s.f.DefaultMavenResourcesFiltering - skip non existing resourceDirectory C:\Users\2380147\Downloads\Project\bus_service-main\src\test\resources
2025-01-23 20:47:48,605 [Worker-36: Building] INFO  o.a.m.s.f.DefaultMavenResourcesFiltering - Copying 1 resource from src\main\resources to target\classes
2025-01-23 20:47:48,615 [Worker-36: Building] INFO  o.a.m.s.f.DefaultMavenResourcesFiltering - Copying 0 resource from src\main\resources to target\classes
2025-01-23 20:47:48,619 [Worker-36: Building] INFO  o.a.m.s.f.DefaultMavenResourcesFiltering - skip non existing resourceDirectory C:\Users\2380147\Downloads\Project\busreservation-main\src\test\resources
2025-01-23 20:56:51,026 [Worker-34: Launching Executing generate-sources in C__Users_2380147_Downloads_Project_bus_service-main] INFO  o.eclipse.m2e.core.internal.Bundles - getClasspathEntries(Bundle=org.eclipse.m2e.maven.runtime_3.9.900.20240824-1409 [364])
2025-01-23 20:56:51,038 [Worker-34: Launching Executing generate-sources in C__Users_2380147_Downloads_Project_bus_service-main] INFO  o.eclipse.m2e.core.internal.Bundles - 	Entry: C:\Users\2380147\Downloads\sts-4.27.0.RELEASE\plugins\org.eclipse.m2e.maven.runtime_3.9.900.20240824-1409
2025-01-23 20:56:51,039 [Worker-34: Launching Executing generate-sources in C__Users_2380147_Downloads_Project_bus_service-main] INFO  o.eclipse.m2e.core.internal.Bundles - 	Entry: C:\Users\2380147\Downloads\sts-4.27.0.RELEASE\plugins\org.eclipse.m2e.maven.runtime_3.9.900.20240824-1409\jars\aopalliance-1.0.jar
2025-01-23 20:56:51,040 [Worker-34: Launching Executing generate-sources in C__Users_2380147_Downloads_Project_bus_service-main] INFO  o.eclipse.m2e.core.internal.Bundles - 	Entry: C:\Users\2380147\Downloads\sts-4.27.0.RELEASE\plugins\org.eclipse.m2e.maven.runtime_3.9.900.20240824-1409\jars\guice-5.1.0.jar
2025-01-23 20:56:51,040 [Worker-34: Launching Executing generate-sources in C__Users_2380147_Downloads_Project_bus_service-main] INFO  o.eclipse.m2e.core.internal.Bundles - 	Entry: C:\Users\2380147\Downloads\sts-4.27.0.RELEASE\plugins\org.eclipse.m2e.maven.runtime_3.9.900.20240824-1409\jars\httpclient-4.5.14.jar
2025-01-23 20:56:51,040 [Worker-34: Launching Executing generate-sources in C__Users_2380147_Downloads_Project_bus_service-main] INFO  o.eclipse.m2e.core.internal.Bundles - 	Entry: C:\Users\2380147\Downloads\sts-4.27.0.RELEASE\plugins\org.eclipse.m2e.maven.runtime_3.9.900.20240824-1409\jars\httpcore-4.4.16.jar
2025-01-23 20:56:51,040 [Worker-34: Launching Executing generate-sources in C__Users_2380147_Downloads_Project_bus_service-main] INFO  o.eclipse.m2e.core.internal.Bundles - 	Entry: C:\Users\2380147\Downloads\sts-4.27.0.RELEASE\plugins\org.eclipse.m2e.maven.runtime_3.9.900.20240824-1409\jars\jansi-2.4.1.jar
2025-01-23 20:56:51,040 [Worker-34: Launching Executing generate-sources in C__Users_2380147_Downloads_Project_bus_service-main] INFO  o.eclipse.m2e.core.internal.Bundles - 	Entry: C:\Users\2380147\Downloads\sts-4.27.0.RELEASE\plugins\org.eclipse.m2e.maven.runtime_3.9.900.20240824-1409\jars\jcl-over-slf4j-1.7.36.jar
2025-01-23 20:56:51,041 [Worker-34: Launching Executing generate-sources in C__Users_2380147_Downloads_Project_bus_service-main] INFO  o.eclipse.m2e.core.internal.Bundles - 	Entry: C:\Users\2380147\Downloads\sts-4.27.0.RELEASE\plugins\org.eclipse.m2e.maven.runtime_3.9.900.20240824-1409\jars\maven-artifact-3.9.9.jar
2025-01-23 20:56:51,041 [Worker-34: Launching Executing generate-sources in C__Users_2380147_Downloads_Project_bus_service-main] INFO  o.eclipse.m2e.core.internal.Bundles - 	Entry: C:\Users\2380147\Downloads\sts-4.27.0.RELEASE\plugins\org.eclipse.m2e.maven.runtime_3.9.900.20240824-1409\jars\maven-builder-support-3.9.9.jar
2025-01-23 20:56:51,041 [Worker-34: Launching Executing generate-sources in C__Users_2380147_Downloads_Project_bus_service-main] INFO  o.eclipse.m2e.core.internal.Bundles - 	Entry: C:\Users\2380147\Downloads\sts-4.27.0.RELEASE\plugins\org.eclipse.m2e.maven.runtime_3.9.900.20240824-1409\jars\maven-compat-3.9.9.jar
2025-01-23 20:56:51,041 [Worker-34: Launching Executing generate-sources in C__Users_2380147_Downloads_Project_bus_service-main] INFO  o.eclipse.m2e.core.internal.Bundles - 	Entry: C:\Users\2380147\Downloads\sts-4.27.0.RELEASE\plugins\org.eclipse.m2e.maven.runtime_3.9.900.20240824-1409\jars\maven-core-3.9.9.jar
2025-01-23 20:56:51,042 [Worker-34: Launching Executing generate-sources in C__Users_2380147_Downloads_Project_bus_service-main] INFO  o.eclipse.m2e.core.internal.Bundles - 	Entry: C:\Users\2380147\Downloads\sts-4.27.0.RELEASE\plugins\org.eclipse.m2e.maven.runtime_3.9.900.20240824-1409\jars\maven-embedder-3.9.9.jar
2025-01-23 20:56:51,042 [Worker-34: Launching Executing generate-sources in C__Users_2380147_Downloads_Project_bus_service-main] INFO  o.eclipse.m2e.core.internal.Bundles - 	Entry: C:\Users\2380147\Downloads\sts-4.27.0.RELEASE\plugins\org.eclipse.m2e.maven.runtime_3.9.900.20240824-1409\jars\maven-model-3.9.9.jar
2025-01-23 20:56:51,042 [Worker-34: Launching Executing generate-sources in C__Users_2380147_Downloads_Project_bus_service-main] INFO  o.eclipse.m2e.core.internal.Bundles - 	Entry: C:\Users\2380147\Downloads\sts-4.27.0.RELEASE\plugins\org.eclipse.m2e.maven.runtime_3.9.900.20240824-1409\jars\maven-model-builder-3.9.9.jar
2025-01-23 20:56:51,042 [Worker-34: Launching Executing generate-sources in C__Users_2380147_Downloads_Project_bus_service-main] INFO  o.eclipse.m2e.core.internal.Bundles - 	Entry: C:\Users\2380147\Downloads\sts-4.27.0.RELEASE\plugins\org.eclipse.m2e.maven.runtime_3.9.900.20240824-1409\jars\maven-plugin-api-3.9.9.jar
2025-01-23 20:56:51,042 [Worker-34: Launching Executing generate-sources in C__Users_2380147_Downloads_Project_bus_service-main] INFO  o.eclipse.m2e.core.internal.Bundles - 	Entry: C:\Users\2380147\Downloads\sts-4.27.0.RELEASE\plugins\org.eclipse.m2e.maven.runtime_3.9.900.20240824-1409\jars\maven-repository-metadata-3.9.9.jar
2025-01-23 20:56:51,043 [Worker-34: Launching Executing generate-sources in C__Users_2380147_Downloads_Project_bus_service-main] INFO  o.eclipse.m2e.core.internal.Bundles - 	Entry: C:\Users\2380147\Downloads\sts-4.27.0.RELEASE\plugins\org.eclipse.m2e.maven.runtime_3.9.900.20240824-1409\jars\maven-resolver-api-1.9.22.jar
2025-01-23 20:56:51,043 [Worker-34: Launching Executing generate-sources in C__Users_2380147_Downloads_Project_bus_service-main] INFO  o.eclipse.m2e.core.internal.Bundles - 	Entry: C:\Users\2380147\Downloads\sts-4.27.0.RELEASE\plugins\org.eclipse.m2e.maven.runtime_3.9.900.20240824-1409\jars\maven-resolver-connector-basic-1.9.22.jar
2025-01-23 20:56:51,043 [Worker-34: Launching Executing generate-sources in C__Users_2380147_Downloads_Project_bus_service-main] INFO  o.eclipse.m2e.core.internal.Bundles - 	Entry: C:\Users\2380147\Downloads\sts-4.27.0.RELEASE\plugins\org.eclipse.m2e.maven.runtime_3.9.900.20240824-1409\jars\maven-resolver-impl-1.9.22.jar
2025-01-23 20:56:51,043 [Worker-34: Launching Executing generate-sources in C__Users_2380147_Downloads_Project_bus_service-main] INFO  o.eclipse.m2e.core.internal.Bundles - 	Entry: C:\Users\2380147\Downloads\sts-4.27.0.RELEASE\plugins\org.eclipse.m2e.maven.runtime_3.9.900.20240824-1409\jars\maven-resolver-named-locks-1.9.22.jar
2025-01-23 20:56:51,043 [Worker-34: Launching Executing generate-sources in C__Users_2380147_Downloads_Project_bus_service-main] INFO  o.eclipse.m2e.core.internal.Bundles - 	Entry: C:\Users\2380147\Downloads\sts-4.27.0.RELEASE\plugins\org.eclipse.m2e.maven.runtime_3.9.900.20240824-1409\jars\maven-resolver-provider-3.9.9.jar
2025-01-23 20:56:51,044 [Worker-34: Launching Executing generate-sources in C__Users_2380147_Downloads_Project_bus_service-main] INFO  o.eclipse.m2e.core.internal.Bundles - 	Entry: C:\Users\2380147\Downloads\sts-4.27.0.RELEASE\plugins\org.eclipse.m2e.maven.runtime_3.9.900.20240824-1409\jars\maven-resolver-spi-1.9.22.jar
2025-01-23 20:56:51,044 [Worker-34: Launching Executing generate-sources in C__Users_2380147_Downloads_Project_bus_service-main] INFO  o.eclipse.m2e.core.internal.Bundles - 	Entry: C:\Users\2380147\Downloads\sts-4.27.0.RELEASE\plugins\org.eclipse.m2e.maven.runtime_3.9.900.20240824-1409\jars\maven-resolver-transport-file-1.9.22.jar
2025-01-23 20:56:51,044 [Worker-34: Launching Executing generate-sources in C__Users_2380147_Downloads_Project_bus_service-main] INFO  o.eclipse.m2e.core.internal.Bundles - 	Entry: C:\Users\2380147\Downloads\sts-4.27.0.RELEASE\plugins\org.eclipse.m2e.maven.runtime_3.9.900.20240824-1409\jars\maven-resolver-transport-http-1.9.22.jar
2025-01-23 20:56:51,044 [Worker-34: Launching Executing generate-sources in C__Users_2380147_Downloads_Project_bus_service-main] INFO  o.eclipse.m2e.core.internal.Bundles - 	Entry: C:\Users\2380147\Downloads\sts-4.27.0.RELEASE\plugins\org.eclipse.m2e.maven.runtime_3.9.900.20240824-1409\jars\maven-resolver-transport-wagon-1.9.22.jar
2025-01-23 20:56:51,044 [Worker-34: Launching Executing generate-sources in C__Users_2380147_Downloads_Project_bus_service-main] INFO  o.eclipse.m2e.core.internal.Bundles - 	Entry: C:\Users\2380147\Downloads\sts-4.27.0.RELEASE\plugins\org.eclipse.m2e.maven.runtime_3.9.900.20240824-1409\jars\maven-resolver-util-1.9.22.jar
2025-01-23 20:56:51,044 [Worker-34: Launching Executing generate-sources in C__Users_2380147_Downloads_Project_bus_service-main] INFO  o.eclipse.m2e.core.internal.Bundles - 	Entry: C:\Users\2380147\Downloads\sts-4.27.0.RELEASE\plugins\org.eclipse.m2e.maven.runtime_3.9.900.20240824-1409\jars\maven-settings-3.9.9.jar
2025-01-23 20:56:51,045 [Worker-34: Launching Executing generate-sources in C__Users_2380147_Downloads_Project_bus_service-main] INFO  o.eclipse.m2e.core.internal.Bundles - 	Entry: C:\Users\2380147\Downloads\sts-4.27.0.RELEASE\plugins\org.eclipse.m2e.maven.runtime_3.9.900.20240824-1409\jars\maven-settings-builder-3.9.9.jar
2025-01-23 20:56:51,045 [Worker-34: Launching Executing generate-sources in C__Users_2380147_Downloads_Project_bus_service-main] INFO  o.eclipse.m2e.core.internal.Bundles - 	Entry: C:\Users\2380147\Downloads\sts-4.27.0.RELEASE\plugins\org.eclipse.m2e.maven.runtime_3.9.900.20240824-1409\jars\maven-shared-utils-3.4.2.jar
2025-01-23 20:56:51,045 [Worker-34: Launching Executing generate-sources in C__Users_2380147_Downloads_Project_bus_service-main] INFO  o.eclipse.m2e.core.internal.Bundles - 	Entry: C:\Users\2380147\Downloads\sts-4.27.0.RELEASE\plugins\org.eclipse.m2e.maven.runtime_3.9.900.20240824-1409\jars\org.eclipse.sisu.inject-0.9.0.M3.jar
2025-01-23 20:56:51,046 [Worker-34: Launching Executing generate-sources in C__Users_2380147_Downloads_Project_bus_service-main] INFO  o.eclipse.m2e.core.internal.Bundles - 	Entry: C:\Users\2380147\Downloads\sts-4.27.0.RELEASE\plugins\org.eclipse.m2e.maven.runtime_3.9.900.20240824-1409\jars\org.eclipse.sisu.plexus-0.9.0.M3.jar
2025-01-23 20:56:51,046 [Worker-34: Launching Executing generate-sources in C__Users_2380147_Downloads_Project_bus_service-main] INFO  o.eclipse.m2e.core.internal.Bundles - 	Entry: C:\Users\2380147\Downloads\sts-4.27.0.RELEASE\plugins\org.eclipse.m2e.maven.runtime_3.9.900.20240824-1409\jars\plexus-build-api-0.0.7.jar
2025-01-23 20:56:51,047 [Worker-34: Launching Executing generate-sources in C__Users_2380147_Downloads_Project_bus_service-main] INFO  o.eclipse.m2e.core.internal.Bundles - 	Entry: C:\Users\2380147\Downloads\sts-4.27.0.RELEASE\plugins\org.eclipse.m2e.maven.runtime_3.9.900.20240824-1409\jars\plexus-build-api-1.2.0.jar
2025-01-23 20:56:51,047 [Worker-34: Launching Executing generate-sources in C__Users_2380147_Downloads_Project_bus_service-main] INFO  o.eclipse.m2e.core.internal.Bundles - 	Entry: C:\Users\2380147\Downloads\sts-4.27.0.RELEASE\plugins\org.eclipse.m2e.maven.runtime_3.9.900.20240824-1409\jars\plexus-cipher-2.0.jar
2025-01-23 20:56:51,047 [Worker-34: Launching Executing generate-sources in C__Users_2380147_Downloads_Project_bus_service-main] INFO  o.eclipse.m2e.core.internal.Bundles - 	Entry: C:\Users\2380147\Downloads\sts-4.27.0.RELEASE\plugins\org.eclipse.m2e.maven.runtime_3.9.900.20240824-1409\jars\plexus-classworlds-2.8.0.jar
2025-01-23 20:56:51,047 [Worker-34: Launching Executing generate-sources in C__Users_2380147_Downloads_Project_bus_service-main] INFO  o.eclipse.m2e.core.internal.Bundles - 	Entry: C:\Users\2380147\Downloads\sts-4.27.0.RELEASE\plugins\org.eclipse.m2e.maven.runtime_3.9.900.20240824-1409\jars\plexus-component-annotations-2.1.0.jar
2025-01-23 20:56:51,048 [Worker-34: Launching Executing generate-sources in C__Users_2380147_Downloads_Project_bus_service-main] INFO  o.eclipse.m2e.core.internal.Bundles - 	Entry: C:\Users\2380147\Downloads\sts-4.27.0.RELEASE\plugins\org.eclipse.m2e.maven.runtime_3.9.900.20240824-1409\jars\plexus-interpolation-1.27.jar
2025-01-23 20:56:51,048 [Worker-34: Launching Executing generate-sources in C__Users_2380147_Downloads_Project_bus_service-main] INFO  o.eclipse.m2e.core.internal.Bundles - 	Entry: C:\Users\2380147\Downloads\sts-4.27.0.RELEASE\plugins\org.eclipse.m2e.maven.runtime_3.9.900.20240824-1409\jars\plexus-sec-dispatcher-2.0.jar
2025-01-23 20:56:51,048 [Worker-34: Launching Executing generate-sources in C__Users_2380147_Downloads_Project_bus_service-main] INFO  o.eclipse.m2e.core.internal.Bundles - 	Entry: C:\Users\2380147\Downloads\sts-4.27.0.RELEASE\plugins\org.eclipse.m2e.maven.runtime_3.9.900.20240824-1409\jars\plexus-utils-3.5.1.jar
2025-01-23 20:56:51,048 [Worker-34: Launching Executing generate-sources in C__Users_2380147_Downloads_Project_bus_service-main] INFO  o.eclipse.m2e.core.internal.Bundles - 	Entry: C:\Users\2380147\Downloads\sts-4.27.0.RELEASE\plugins\org.eclipse.m2e.maven.runtime_3.9.900.20240824-1409\jars\plexus-xml-3.0.1.jar
2025-01-23 20:56:51,049 [Worker-34: Launching Executing generate-sources in C__Users_2380147_Downloads_Project_bus_service-main] INFO  o.eclipse.m2e.core.internal.Bundles - 	Entry: C:\Users\2380147\Downloads\sts-4.27.0.RELEASE\plugins\org.eclipse.m2e.maven.runtime_3.9.900.20240824-1409\jars\wagon-file-3.5.3.jar
2025-01-23 20:56:51,049 [Worker-34: Launching Executing generate-sources in C__Users_2380147_Downloads_Project_bus_service-main] INFO  o.eclipse.m2e.core.internal.Bundles - 	Entry: C:\Users\2380147\Downloads\sts-4.27.0.RELEASE\plugins\org.eclipse.m2e.maven.runtime_3.9.900.20240824-1409\jars\wagon-http-3.5.3.jar
2025-01-23 20:56:51,049 [Worker-34: Launching Executing generate-sources in C__Users_2380147_Downloads_Project_bus_service-main] INFO  o.eclipse.m2e.core.internal.Bundles - 	Entry: C:\Users\2380147\Downloads\sts-4.27.0.RELEASE\plugins\org.eclipse.m2e.maven.runtime_3.9.900.20240824-1409\jars\wagon-http-shared-3.5.3.jar
2025-01-23 20:56:51,049 [Worker-34: Launching Executing generate-sources in C__Users_2380147_Downloads_Project_bus_service-main] INFO  o.eclipse.m2e.core.internal.Bundles - 	Entry: C:\Users\2380147\Downloads\sts-4.27.0.RELEASE\plugins\org.eclipse.m2e.maven.runtime_3.9.900.20240824-1409\jars\wagon-provider-api-3.5.3.jar
2025-01-23 20:56:51,052 [Worker-34: Launching Executing generate-sources in C__Users_2380147_Downloads_Project_bus_service-main] INFO  o.eclipse.m2e.core.internal.Bundles - getClasspathEntries(Bundle=com.google.guava_33.3.1.jre [29])
2025-01-23 20:56:51,053 [Worker-34: Launching Executing generate-sources in C__Users_2380147_Downloads_Project_bus_service-main] INFO  o.eclipse.m2e.core.internal.Bundles - 	Entry: C:\Users\2380147\Downloads\sts-4.27.0.RELEASE\plugins\com.google.guava_33.3.1.jre.jar
2025-01-23 20:56:51,053 [Worker-34: Launching Executing generate-sources in C__Users_2380147_Downloads_Project_bus_service-main] INFO  o.eclipse.m2e.core.internal.Bundles - getClasspathEntries(Bundle=slf4j.api_2.0.16 [615])
2025-01-23 20:56:51,054 [Worker-34: Launching Executing generate-sources in C__Users_2380147_Downloads_Project_bus_service-main] INFO  o.eclipse.m2e.core.internal.Bundles - 	Entry: C:\Users\2380147\Downloads\sts-4.27.0.RELEASE\plugins\slf4j.api_2.0.16.jar
2025-01-23 20:56:51,054 [Worker-34: Launching Executing generate-sources in C__Users_2380147_Downloads_Project_bus_service-main] INFO  o.eclipse.m2e.core.internal.Bundles - getClasspathEntries(Bundle=jakarta.inject.jakarta.inject-api_1.0.5 [45])
2025-01-23 20:56:51,055 [Worker-34: Launching Executing generate-sources in C__Users_2380147_Downloads_Project_bus_service-main] INFO  o.eclipse.m2e.core.internal.Bundles - 	Entry: C:\Users\2380147\Downloads\sts-4.27.0.RELEASE\plugins\jakarta.inject.jakarta.inject-api_1.0.5.jar
2025-01-23 20:56:51,055 [Worker-34: Launching Executing generate-sources in C__Users_2380147_Downloads_Project_bus_service-main] INFO  o.eclipse.m2e.core.internal.Bundles - getClasspathEntries(Bundle=jakarta.annotation-api_1.3.5 [41])
2025-01-23 20:56:51,055 [Worker-34: Launching Executing generate-sources in C__Users_2380147_Downloads_Project_bus_service-main] INFO  o.eclipse.m2e.core.internal.Bundles - 	Entry: C:\Users\2380147\Downloads\sts-4.27.0.RELEASE\plugins\jakarta.annotation-api_1.3.5.jar
2025-01-23 20:56:51,056 [Worker-34: Launching Executing generate-sources in C__Users_2380147_Downloads_Project_bus_service-main] INFO  o.eclipse.m2e.core.internal.Bundles - getClasspathEntries(Bundle=org.apache.commons.cli_1.9.0 [78])
2025-01-23 20:56:51,056 [Worker-34: Launching Executing generate-sources in C__Users_2380147_Downloads_Project_bus_service-main] INFO  o.eclipse.m2e.core.internal.Bundles - 	Entry: C:\Users\2380147\Downloads\sts-4.27.0.RELEASE\plugins\org.apache.commons.cli_1.9.0.jar
2025-01-23 20:56:51,056 [Worker-34: Launching Executing generate-sources in C__Users_2380147_Downloads_Project_bus_service-main] INFO  o.eclipse.m2e.core.internal.Bundles - getClasspathEntries(Bundle=org.apache.commons.commons-codec_1.16.0 [81])
2025-01-23 20:56:51,057 [Worker-34: Launching Executing generate-sources in C__Users_2380147_Downloads_Project_bus_service-main] INFO  o.eclipse.m2e.core.internal.Bundles - 	Entry: C:\Users\2380147\Downloads\sts-4.27.0.RELEASE\plugins\org.apache.commons.commons-codec_1.16.0.jar
2025-01-23 20:56:51,057 [Worker-34: Launching Executing generate-sources in C__Users_2380147_Downloads_Project_bus_service-main] INFO  o.eclipse.m2e.core.internal.Bundles - getClasspathEntries(Bundle=com.google.guava.failureaccess_1.0.2 [30])
2025-01-23 20:56:51,058 [Worker-34: Launching Executing generate-sources in C__Users_2380147_Downloads_Project_bus_service-main] INFO  o.eclipse.m2e.core.internal.Bundles - 	Entry: C:\Users\2380147\Downloads\sts-4.27.0.RELEASE\plugins\com.google.guava.failureaccess_1.0.2.jar
2025-01-23 20:56:51,079 [Worker-34: Launching Executing generate-sources in C__Users_2380147_Downloads_Project_bus_service-main] INFO  o.e.m.i.launch.MavenLaunchDelegate - Run build in "C:\Users\2380147\Downloads\Project\bus_service-main":
2025-01-23 20:56:51,120 [Worker-34: Launching Executing generate-sources in C__Users_2380147_Downloads_Project_bus_service-main] INFO  o.e.m.i.launch.MavenLaunchDelegate -  mvn  -B -Dstyle.color=always generate-sources
2025-01-23 21:08:00,409 [Worker-41: Building] INFO  o.a.m.s.f.DefaultMavenResourcesFiltering - Copying 1 resource from src\main\resources to target\classes
2025-01-23 21:08:00,429 [Worker-41: Building] INFO  o.a.m.s.f.DefaultMavenResourcesFiltering - Copying 0 resource from src\main\resources to target\classes
2025-01-23 21:08:00,432 [Worker-41: Building] INFO  o.a.m.s.f.DefaultMavenResourcesFiltering - skip non existing resourceDirectory C:\Users\2380147\Downloads\Project\busreservation-main\src\test\resources
2025-01-23 21:13:24,852 [Worker-41: Building] INFO  o.a.m.s.f.DefaultMavenResourcesFiltering - Copying 1 resource from src\main\resources to target\classes
2025-01-23 21:13:24,879 [Worker-41: Building] INFO  o.a.m.s.f.DefaultMavenResourcesFiltering - Copying 0 resource from src\main\resources to target\classes
2025-01-23 21:13:24,882 [Worker-41: Building] INFO  o.a.m.s.f.DefaultMavenResourcesFiltering - skip non existing resourceDirectory C:\Users\2380147\Downloads\Project\bus_service-main\src\test\resources
2025-01-23 21:13:47,753 [Worker-43: Building] INFO  o.a.m.s.f.DefaultMavenResourcesFiltering - Copying 1 resource from src\main\resources to target\classes
2025-01-23 21:13:47,785 [Worker-43: Building] INFO  o.a.m.s.f.DefaultMavenResourcesFiltering - Copying 0 resource from src\main\resources to target\classes
2025-01-23 21:13:47,788 [Worker-43: Building] INFO  o.a.m.s.f.DefaultMavenResourcesFiltering - skip non existing resourceDirectory C:\Users\2380147\Downloads\Project\bus_service-main\src\test\resources
